<?xml version="1.0" encoding="UTF-8"?>
<testsuite name="TestImplementation" tests="1" skipped="0" failures="0" errors="0" timestamp="2022-09-19T05:08:27" hostname="NB3K5QJM2" time="10.276">
  <properties/>
  <testcase name="getOldMutualTitle" classname="TestImplementation" time="10.276"/>
  <system-out><![CDATA[Title Old Mutual: Investments, Insurance, Loans and Unit Trusts
]]></system-out>
  <system-err><![CDATA[]]></system-err>
</testsuite>
