<?xml version="1.0" encoding="UTF-8"?>
<testsuite name="OldMutualFinanceTest" tests="1" skipped="0" failures="0" errors="0" timestamp="2022-09-19T21:04:58" hostname="NB3K5QJM2" time="64.294">
  <properties/>
  <testcase name="ValidateOldMutualFinance[0](public void OldMutualFinanceTest.ValidateOldMutualFinance(java.lang.reflect.Method))" classname="OldMutualFinanceTest" time="64.294"/>
  <system-out><![CDATA[Repayment = R1 656.43 - R1 810.05
min = R1 656.43
max = R1 810.05
]]></system-out>
  <system-err><![CDATA[]]></system-err>
</testsuite>
